********************************************************************************
DUPLICATOR-LITE PACKAGE-LOG: 9 April, 2020 11:00 pm
NOTICE: Do NOT post to public sites or forums 
********************************************************************************
VERSION:	1.3.28
WORDPRESS:	5.3.2
PHP INFO:	7.1.23 | SAPI: apache2handler
SERVER:		Apache/2.4.35 (Win32) OpenSSL/1.0.2p PHP/7.1.23 
PHP TIME LIMIT: (0) no time limit imposed 
PHP MAX MEMORY: 4294967296 (40M default) 
MEMORY STACK: 2MB

********************************************************************************
DATABASE:
********************************************************************************
BUILD MODE:   MYSQLDUMP
MYSQLTIMEOUT: 5000
MYSQLDUMP:    Is Supported
SQL CREATED: 20200409_sanchobbdo_4897bfdab516a96b4817_20200409230027_database.sql
SQL FILE SIZE: 1.56MB (1640489)
SQL FILE TIME: 2020-04-09 23:00:39
SQL RUNTIME: 2.43 sec.

********************************************************************************
ARCHIVE (ZIP):
********************************************************************************
ARCHIVE DIR:  E:/xampp7.1/htdocs/sanchobbdo/sancho-2020/sancho
ARCHIVE FILE: 20200409_sanchobbdo_4897bfdab516a96b4817_20200409230027_archive.zip
FILTERS: *OFF*
DIRS:
	not set
FILES:
	not set
EXTS:  not set
----------------------------------------
COMPRESSING
SIZE:	148.4MB
STATS:	Dirs 788 | Files 7,459
SQL ADDED: 20200409_sanchobbdo_4897bfdab516a96b4817_20200409230027_database.sql
ZipArchive Object
(
    [status] => 0
    [statusSys] => 0
    [numFiles] => 8247
    [filename] => E:\xampp7.1\htdocs\sanchobbdo\sancho-2020\sancho\wp-snapshots\tmp\20200409_sanchobbdo_4897bfdab516a96b4817_20200409230027_archive.zip
    [comment] => 
)

FILE ADDED TO ZIP: 8246
COMPRESSION RESULT: '1'
COMPRESSED SIZE: 94.61MB
ARCHIVE RUNTIME: 40.55 sec.
MEMORY STACK: 4MB
building installer
add_extra_files1
add_extra_files2
add_extra_files3
add_extra_files4
Doing archive file check
add_extra_files5
add_extra_files6
add_extra_files8
Successfully opened zip E:/xampp7.1/htdocs/sanchobbdo/sancho-2020/sancho/wp-snapshots/tmp/20200409_sanchobbdo_4897bfdab516a96b4817_20200409230027_archive.zip
Adding enhanced installer files to archive using ZipArchive
Installer files added to archive
Added to archive
After ziparchive close when adding installer

********************************************************************************
INTEGRITY CHECKS:
********************************************************************************
SQL FILE: 1.56MB
INSTALLER FILE: 60.53KB
ARCHIVE FILE: 96.04MB 
EXPECTED FILE/DIRECTORY COUNT: 8,247
ACTUAL FILE/DIRECTORY COUNT: 8,246
ARCHIVE CONSISTENCY TEST: Pass

********************************************************************************
RECORD ID:[1]
TOTAL PROCESS RUNTIME: 45.13 sec.
PEAK PHP MEMORY USED: 4MB
DONE PROCESSING => 20200409_sanchobbdo 9 April, 2020 11:01 pm

